  Determining projects to restore...
  Nothing to do. None of the projects specified contain packages to restore.
D:\leaveblackgithub\DDNCadAddins\src\DDNCadAddins\DDNCadAddins\Services\BlockDataService.cs(24,108): error CS1002: 应输入 ; [D:\leaveblackgithub\DDNCadAddins\src\DDNCadAddins\DDNCadAddins\DDNCadAddins.csproj]
D:\leaveblackgithub\DDNCadAddins\src\DDNCadAddins\DDNCadAddins\Commands\TestRunner.cs(360,26): error CS1001: 应输入标识符 [D:\leaveblackgithub\DDNCadAddins\src\DDNCadAddins\DDNCadAddins\DDNCadAddins.csproj]
D:\leaveblackgithub\DDNCadAddins\src\DDNCadAddins\DDNCadAddins\Services\BlockDataService.cs(24,109): error CS1525: 表达式项“>”无效 [D:\leaveblackgithub\DDNCadAddins\src\DDNCadAddins\DDNCadAddins\DDNCadAddins.csproj]
D:\leaveblackgithub\DDNCadAddins\src\DDNCadAddins\DDNCadAddins\Commands\TestRunner.cs(360,26): error CS1002: 应输入 ; [D:\leaveblackgithub\DDNCadAddins\src\DDNCadAddins\DDNCadAddins\DDNCadAddins.csproj]
D:\leaveblackgithub\DDNCadAddins\src\DDNCadAddins\DDNCadAddins\Services\BlockDataService.cs(24,110): error CS1525: 表达式项“.”无效 [D:\leaveblackgithub\DDNCadAddins\src\DDNCadAddins\DDNCadAddins\DDNCadAddins.csproj]
D:\leaveblackgithub\DDNCadAddins\src\DDNCadAddins\DDNCadAddins\Services\BlockDataService.cs(27,108): error CS1002: 应输入 ; [D:\leaveblackgithub\DDNCadAddins\src\DDNCadAddins\DDNCadAddins\DDNCadAddins.csproj]
D:\leaveblackgithub\DDNCadAddins\src\DDNCadAddins\DDNCadAddins\Commands\TestRunner.cs(381,43): error CS1001: 应输入标识符 [D:\leaveblackgithub\DDNCadAddins\src\DDNCadAddins\DDNCadAddins\DDNCadAddins.csproj]
D:\leaveblackgithub\DDNCadAddins\src\DDNCadAddins\DDNCadAddins\Services\BlockDataService.cs(27,109): error CS1525: 表达式项“>”无效 [D:\leaveblackgithub\DDNCadAddins\src\DDNCadAddins\DDNCadAddins\DDNCadAddins.csproj]
D:\leaveblackgithub\DDNCadAddins\src\DDNCadAddins\DDNCadAddins\Commands\TestRunner.cs(381,43): error CS1002: 应输入 ; [D:\leaveblackgithub\DDNCadAddins\src\DDNCadAddins\DDNCadAddins\DDNCadAddins.csproj]
D:\leaveblackgithub\DDNCadAddins\src\DDNCadAddins\DDNCadAddins\Services\BlockDataService.cs(27,110): error CS1525: 表达式项“.”无效 [D:\leaveblackgithub\DDNCadAddins\src\DDNCadAddins\DDNCadAddins\DDNCadAddins.csproj]
D:\leaveblackgithub\DDNCadAddins\src\DDNCadAddins\DDNCadAddins\Services\XClipBlockService.Core.cs(511,142): error CS1026: 应输入 ) [D:\leaveblackgithub\DDNCadAddins\src\DDNCadAddins\DDNCadAddins\DDNCadAddins.csproj]
D:\leaveblackgithub\DDNCadAddins\src\DDNCadAddins\DDNCadAddins\Services\XClipBlockService.Core.cs(511,142): error CS1002: 应输入 ; [D:\leaveblackgithub\DDNCadAddins\src\DDNCadAddins\DDNCadAddins\DDNCadAddins.csproj]
D:\leaveblackgithub\DDNCadAddins\src\DDNCadAddins\DDNCadAddins\Commands\TestRunner.cs(385,95): error CS1001: 应输入标识符 [D:\leaveblackgithub\DDNCadAddins\src\DDNCadAddins\DDNCadAddins\DDNCadAddins.csproj]
D:\leaveblackgithub\DDNCadAddins\src\DDNCadAddins\DDNCadAddins\Commands\TestRunner.cs(385,95): error CS1003: 语法错误，应输入“,” [D:\leaveblackgithub\DDNCadAddins\src\DDNCadAddins\DDNCadAddins\DDNCadAddins.csproj]
D:\leaveblackgithub\DDNCadAddins\src\DDNCadAddins\DDNCadAddins\Services\XClipBlockService.Core.cs(511,143): error CS1513: 应输入 } [D:\leaveblackgithub\DDNCadAddins\src\DDNCadAddins\DDNCadAddins\DDNCadAddins.csproj]
D:\leaveblackgithub\DDNCadAddins\src\DDNCadAddins\DDNCadAddins\Services\XClipBlockService.Core.cs(639,139): error CS1026: 应输入 ) [D:\leaveblackgithub\DDNCadAddins\src\DDNCadAddins\DDNCadAddins\DDNCadAddins.csproj]
D:\leaveblackgithub\DDNCadAddins\src\DDNCadAddins\DDNCadAddins\Commands\TestRunner.cs(412,41): error CS1073: 意外标记“this” [D:\leaveblackgithub\DDNCadAddins\src\DDNCadAddins\DDNCadAddins\DDNCadAddins.csproj]
D:\leaveblackgithub\DDNCadAddins\src\DDNCadAddins\DDNCadAddins\Services\XClipBlockService.Core.cs(639,139): error CS1002: 应输入 ; [D:\leaveblackgithub\DDNCadAddins\src\DDNCadAddins\DDNCadAddins\DDNCadAddins.csproj]
D:\leaveblackgithub\DDNCadAddins\src\DDNCadAddins\DDNCadAddins\Commands\TestRunner.cs(412,50): error CS1001: 应输入标识符 [D:\leaveblackgithub\DDNCadAddins\src\DDNCadAddins\DDNCadAddins\DDNCadAddins.csproj]
D:\leaveblackgithub\DDNCadAddins\src\DDNCadAddins\DDNCadAddins\Services\XClipBlockService.Core.cs(639,140): error CS1513: 应输入 } [D:\leaveblackgithub\DDNCadAddins\src\DDNCadAddins\DDNCadAddins\DDNCadAddins.csproj]
D:\leaveblackgithub\DDNCadAddins\src\DDNCadAddins\DDNCadAddins\Commands\TestRunner.cs(443,26): error CS1073: 意外标记“this” [D:\leaveblackgithub\DDNCadAddins\src\DDNCadAddins\DDNCadAddins\DDNCadAddins.csproj]
D:\leaveblackgithub\DDNCadAddins\src\DDNCadAddins\DDNCadAddins\Commands\TestRunner.cs(443,33): error CS1001: 应输入标识符 [D:\leaveblackgithub\DDNCadAddins\src\DDNCadAddins\DDNCadAddins\DDNCadAddins.csproj]
D:\leaveblackgithub\DDNCadAddins\src\DDNCadAddins\DDNCadAddins\Commands\TestRunner.cs(456,20): error CS1073: 意外标记“this” [D:\leaveblackgithub\DDNCadAddins\src\DDNCadAddins\DDNCadAddins\DDNCadAddins.csproj]
D:\leaveblackgithub\DDNCadAddins\src\DDNCadAddins\DDNCadAddins\Commands\TestRunner.cs(456,29): error CS1001: 应输入标识符 [D:\leaveblackgithub\DDNCadAddins\src\DDNCadAddins\DDNCadAddins\DDNCadAddins.csproj]

生成失败。

D:\leaveblackgithub\DDNCadAddins\src\DDNCadAddins\DDNCadAddins\Services\BlockDataService.cs(24,108): error CS1002: 应输入 ; [D:\leaveblackgithub\DDNCadAddins\src\DDNCadAddins\DDNCadAddins\DDNCadAddins.csproj]
D:\leaveblackgithub\DDNCadAddins\src\DDNCadAddins\DDNCadAddins\Commands\TestRunner.cs(360,26): error CS1001: 应输入标识符 [D:\leaveblackgithub\DDNCadAddins\src\DDNCadAddins\DDNCadAddins\DDNCadAddins.csproj]
D:\leaveblackgithub\DDNCadAddins\src\DDNCadAddins\DDNCadAddins\Services\BlockDataService.cs(24,109): error CS1525: 表达式项“>”无效 [D:\leaveblackgithub\DDNCadAddins\src\DDNCadAddins\DDNCadAddins\DDNCadAddins.csproj]
D:\leaveblackgithub\DDNCadAddins\src\DDNCadAddins\DDNCadAddins\Commands\TestRunner.cs(360,26): error CS1002: 应输入 ; [D:\leaveblackgithub\DDNCadAddins\src\DDNCadAddins\DDNCadAddins\DDNCadAddins.csproj]
D:\leaveblackgithub\DDNCadAddins\src\DDNCadAddins\DDNCadAddins\Services\BlockDataService.cs(24,110): error CS1525: 表达式项“.”无效 [D:\leaveblackgithub\DDNCadAddins\src\DDNCadAddins\DDNCadAddins\DDNCadAddins.csproj]
D:\leaveblackgithub\DDNCadAddins\src\DDNCadAddins\DDNCadAddins\Services\BlockDataService.cs(27,108): error CS1002: 应输入 ; [D:\leaveblackgithub\DDNCadAddins\src\DDNCadAddins\DDNCadAddins\DDNCadAddins.csproj]
D:\leaveblackgithub\DDNCadAddins\src\DDNCadAddins\DDNCadAddins\Commands\TestRunner.cs(381,43): error CS1001: 应输入标识符 [D:\leaveblackgithub\DDNCadAddins\src\DDNCadAddins\DDNCadAddins\DDNCadAddins.csproj]
D:\leaveblackgithub\DDNCadAddins\src\DDNCadAddins\DDNCadAddins\Services\BlockDataService.cs(27,109): error CS1525: 表达式项“>”无效 [D:\leaveblackgithub\DDNCadAddins\src\DDNCadAddins\DDNCadAddins\DDNCadAddins.csproj]
D:\leaveblackgithub\DDNCadAddins\src\DDNCadAddins\DDNCadAddins\Commands\TestRunner.cs(381,43): error CS1002: 应输入 ; [D:\leaveblackgithub\DDNCadAddins\src\DDNCadAddins\DDNCadAddins\DDNCadAddins.csproj]
D:\leaveblackgithub\DDNCadAddins\src\DDNCadAddins\DDNCadAddins\Services\BlockDataService.cs(27,110): error CS1525: 表达式项“.”无效 [D:\leaveblackgithub\DDNCadAddins\src\DDNCadAddins\DDNCadAddins\DDNCadAddins.csproj]
D:\leaveblackgithub\DDNCadAddins\src\DDNCadAddins\DDNCadAddins\Services\XClipBlockService.Core.cs(511,142): error CS1026: 应输入 ) [D:\leaveblackgithub\DDNCadAddins\src\DDNCadAddins\DDNCadAddins\DDNCadAddins.csproj]
D:\leaveblackgithub\DDNCadAddins\src\DDNCadAddins\DDNCadAddins\Services\XClipBlockService.Core.cs(511,142): error CS1002: 应输入 ; [D:\leaveblackgithub\DDNCadAddins\src\DDNCadAddins\DDNCadAddins\DDNCadAddins.csproj]
D:\leaveblackgithub\DDNCadAddins\src\DDNCadAddins\DDNCadAddins\Commands\TestRunner.cs(385,95): error CS1001: 应输入标识符 [D:\leaveblackgithub\DDNCadAddins\src\DDNCadAddins\DDNCadAddins\DDNCadAddins.csproj]
D:\leaveblackgithub\DDNCadAddins\src\DDNCadAddins\DDNCadAddins\Commands\TestRunner.cs(385,95): error CS1003: 语法错误，应输入“,” [D:\leaveblackgithub\DDNCadAddins\src\DDNCadAddins\DDNCadAddins\DDNCadAddins.csproj]
D:\leaveblackgithub\DDNCadAddins\src\DDNCadAddins\DDNCadAddins\Services\XClipBlockService.Core.cs(511,143): error CS1513: 应输入 } [D:\leaveblackgithub\DDNCadAddins\src\DDNCadAddins\DDNCadAddins\DDNCadAddins.csproj]
D:\leaveblackgithub\DDNCadAddins\src\DDNCadAddins\DDNCadAddins\Services\XClipBlockService.Core.cs(639,139): error CS1026: 应输入 ) [D:\leaveblackgithub\DDNCadAddins\src\DDNCadAddins\DDNCadAddins\DDNCadAddins.csproj]
D:\leaveblackgithub\DDNCadAddins\src\DDNCadAddins\DDNCadAddins\Commands\TestRunner.cs(412,41): error CS1073: 意外标记“this” [D:\leaveblackgithub\DDNCadAddins\src\DDNCadAddins\DDNCadAddins\DDNCadAddins.csproj]
D:\leaveblackgithub\DDNCadAddins\src\DDNCadAddins\DDNCadAddins\Services\XClipBlockService.Core.cs(639,139): error CS1002: 应输入 ; [D:\leaveblackgithub\DDNCadAddins\src\DDNCadAddins\DDNCadAddins\DDNCadAddins.csproj]
D:\leaveblackgithub\DDNCadAddins\src\DDNCadAddins\DDNCadAddins\Commands\TestRunner.cs(412,50): error CS1001: 应输入标识符 [D:\leaveblackgithub\DDNCadAddins\src\DDNCadAddins\DDNCadAddins\DDNCadAddins.csproj]
D:\leaveblackgithub\DDNCadAddins\src\DDNCadAddins\DDNCadAddins\Services\XClipBlockService.Core.cs(639,140): error CS1513: 应输入 } [D:\leaveblackgithub\DDNCadAddins\src\DDNCadAddins\DDNCadAddins\DDNCadAddins.csproj]
D:\leaveblackgithub\DDNCadAddins\src\DDNCadAddins\DDNCadAddins\Commands\TestRunner.cs(443,26): error CS1073: 意外标记“this” [D:\leaveblackgithub\DDNCadAddins\src\DDNCadAddins\DDNCadAddins\DDNCadAddins.csproj]
D:\leaveblackgithub\DDNCadAddins\src\DDNCadAddins\DDNCadAddins\Commands\TestRunner.cs(443,33): error CS1001: 应输入标识符 [D:\leaveblackgithub\DDNCadAddins\src\DDNCadAddins\DDNCadAddins\DDNCadAddins.csproj]
D:\leaveblackgithub\DDNCadAddins\src\DDNCadAddins\DDNCadAddins\Commands\TestRunner.cs(456,20): error CS1073: 意外标记“this” [D:\leaveblackgithub\DDNCadAddins\src\DDNCadAddins\DDNCadAddins\DDNCadAddins.csproj]
D:\leaveblackgithub\DDNCadAddins\src\DDNCadAddins\DDNCadAddins\Commands\TestRunner.cs(456,29): error CS1001: 应输入标识符 [D:\leaveblackgithub\DDNCadAddins\src\DDNCadAddins\DDNCadAddins\DDNCadAddins.csproj]
    0 个警告
    24 个错误

已用时间 00:00:00.79
